2019-05-20 07:38:27,812 [  22602]   INFO - tellij.openapi.util.IconLoader - replace '/toolwindows/toolWindowProject.svg' with '/icons/toolwindows/toolWindowProject.svg' 
2019-05-20 07:38:27,825 [  22615]   INFO - tellij.openapi.util.IconLoader - replace '/nodes/ppLib.svg' with '/icons/nodes/ppLib.svg' 
2019-05-20 07:38:27,831 [  22621]   INFO - tellij.openapi.util.IconLoader - replace '/scope/scratches.svg' with '/icons/scope/scratches.svg' 
2019-05-20 07:38:27,838 [  22628]   INFO - tellij.openapi.util.IconLoader - replace '/modules/excludeRoot.svg' with '/icons/modules/excludeRoot.svg' 
2019-05-20 07:38:27,838 [  22628]   INFO - tellij.openapi.util.IconLoader - replace '/ide/link.svg' with '/icons/ide/link.svg' 
2019-05-20 07:38:27,853 [  22643]   INFO - tellij.openapi.util.IconLoader - replace '/actions/compile.svg' with '/icons/actions/compile.svg' 
2019-05-20 07:38:27,853 [  22643]   INFO - tellij.openapi.util.IconLoader - replace '/actions/execute.svg' with '/icons/actions/execute.svg' 
2019-05-20 07:38:27,869 [  22659]   INFO - tellij.openapi.util.IconLoader - replace '/actions/startDebugger.svg' with '/icons/actions/startDebugger.svg' 
2019-05-20 07:38:27,869 [  22659]   INFO - tellij.openapi.util.IconLoader - replace '/actions/startMemoryProfile.svg' with '/icons/actions/startMemoryProfile.svg' 
2019-05-20 07:38:27,869 [  22659]   INFO - tellij.openapi.util.IconLoader - replace '/actions/suspend.svg' with '/icons/actions/suspend.svg' 
2019-05-20 07:38:27,884 [  22674]   INFO - tellij.openapi.util.IconLoader - replace '/actions/checkOut.svg' with '/icons/actions/checkOut.svg' 
2019-05-20 07:38:27,884 [  22674]   INFO - tellij.openapi.util.IconLoader - replace '/actions/commit.svg' with '/icons/actions/commit.svg' 
2019-05-20 07:38:27,900 [  22690]   INFO - tellij.openapi.util.IconLoader - replace '/vcs/history.svg' with '/icons/vcs/history.svg' 
2019-05-20 07:38:27,900 [  22690]   INFO - tellij.openapi.util.IconLoader - replace '/actions/rollback.svg' with '/icons/actions/rollback.svg' 
2019-05-20 07:38:27,916 [  22706]   INFO - tellij.openapi.util.IconLoader - replace '/actions/run_anything.svg' with '/icons/actions/run_anything.svg' 
2019-05-20 07:38:27,916 [  22706]   INFO - tellij.openapi.util.IconLoader - replace '/actions/find.svg' with '/icons/actions/find.svg' 
2019-05-20 07:38:27,916 [  22706]   INFO - tellij.openapi.util.IconLoader - replace '/nodes/folder.svg' with '/icons/nodes/folder.svg' 
2019-05-20 07:38:27,931 [  22721]   INFO - tellij.openapi.util.IconLoader - replace '/actions/menu-open.svg' with '/icons/actions/menu-open.svg' 
2019-05-20 07:38:27,931 [  22721]   INFO - tellij.openapi.util.IconLoader - replace '/actions/menu-saveall.svg' with '/icons/actions/menu-saveall.svg' 
2019-05-20 07:38:27,947 [  22737]   INFO - tellij.openapi.util.IconLoader - replace '/actions/refresh.svg' with '/icons/actions/refresh.svg' 
2019-05-20 07:38:27,947 [  22737]   INFO - tellij.openapi.util.IconLoader - replace '/actions/back.svg' with '/icons/actions/back.svg' 
2019-05-20 07:38:27,947 [  22737]   INFO - tellij.openapi.util.IconLoader - replace '/actions/forward.svg' with '/icons/actions/forward.svg' 
2019-05-20 07:38:27,963 [  22753]   INFO - tellij.openapi.util.IconLoader - replace '/actions/execute.svg' with '/icons/actions/execute.svg' 
2019-05-20 07:38:27,963 [  22753]   INFO - tellij.openapi.util.IconLoader - replace '/actions/startDebugger.svg' with '/icons/actions/startDebugger.svg' 
2019-05-20 07:38:27,963 [  22753]   INFO - tellij.openapi.util.IconLoader - replace '/actions/startMemoryProfile.svg' with '/icons/actions/startMemoryProfile.svg' 
2019-05-20 07:38:27,963 [  22753]   INFO - tellij.openapi.util.IconLoader - replace '/actions/profile.svg' with '/icons/actions/profile.svg' 
2019-05-20 07:38:27,978 [  22768]   INFO - tellij.openapi.util.IconLoader - replace '/general/settings.svg' with '/icons/general/settings.svg' 
2019-05-20 07:38:27,978 [  22768]   INFO - tellij.openapi.util.IconLoader - replace '/actions/profileMemory.svg' with '/icons/actions/profileMemory.svg' 
2019-05-20 07:38:28,009 [  22799]   INFO - tellij.openapi.util.IconLoader - replace '/ide/statusbar_arrows.svg' with '/icons/ide/statusbar_arrows.svg' 
2019-05-20 07:38:28,009 [  22799]   INFO - tellij.openapi.util.IconLoader - replace '/ide/readwrite.svg' with '/icons/ide/readwrite.svg' 
2019-05-20 07:38:28,025 [  22815]   INFO - tellij.openapi.util.IconLoader - replace '/general/tbHidden.svg' with '/icons/general/tbHidden.svg' 
2019-05-20 07:38:28,025 [  22815]   INFO - tellij.openapi.util.IconLoader - replace '/toolwindows/toolWindowTodo.svg' with '/icons/toolwindows/toolWindowTodo.svg' 
2019-05-20 07:38:28,025 [  22815]   INFO - tellij.openapi.util.IconLoader - replace '/icons/OpenTerminal_13x13.svg' with '/icons/terminal/OpenTerminal_13x13.svg' 
2019-05-20 07:38:28,041 [  22831]   INFO - tellij.openapi.util.IconLoader - replace '/toolwindows/toolWindowChanges.svg' with '/icons/toolwindows/toolWindowChanges.svg' 
2019-05-20 07:38:28,041 [  22831]   INFO - tellij.openapi.util.IconLoader - replace '/toolwindows/toolWindowProject.png' with '/icons/toolwindows/toolWindowProject.png' 
2019-05-20 07:38:28,041 [  22831]   INFO - tellij.openapi.util.IconLoader - replace '/toolwindows/toolWindowStructure.svg' with '/icons/toolwindows/toolWindowStructure.svg' 
2019-05-20 07:38:28,056 [  22846]   INFO - tellij.openapi.util.IconLoader - replace '/toolwindows/toolWindowFavorites.svg' with '/icons/toolwindows/toolWindowFavorites.svg' 
2019-05-20 07:38:28,056 [  22846]   INFO - tellij.openapi.util.IconLoader - replace '/images/webServerToolWindow.svg' with '/icons/webDeployment/webServerToolWindow.svg' 
2019-05-20 07:38:28,072 [  22862]   INFO - tellij.openapi.util.IconLoader - replace '/icons/toolWindowDatabase.svg' with '/icons/plugins/datagrip/toolWindowDatabase.svg' 
2019-05-20 07:38:28,072 [  22862]   INFO - tellij.openapi.util.IconLoader - replace '/general/moreTabs.svg' with '/icons/general/moreTabs.svg' 
2019-05-20 07:38:28,088 [  22878]   INFO - tellij.openapi.util.IconLoader - replace '/general/locate.svg' with '/icons/general/locate.svg' 
2019-05-20 07:38:28,088 [  22878]   INFO - tellij.openapi.util.IconLoader - replace '/actions/collapseall.svg' with '/icons/actions/collapseall.svg' 
2019-05-20 07:38:28,103 [  22893]   INFO - tellij.openapi.util.IconLoader - replace '/general/gearPlain.svg' with '/icons/general/gearPlain.svg' 
2019-05-20 07:38:28,103 [  22893]   INFO - tellij.openapi.util.IconLoader - replace '/general/hideToolWindow.svg' with '/icons/general/hideToolWindow.svg' 
2019-05-20 07:38:28,103 [  22893]   INFO - tellij.openapi.util.IconLoader - replace '/general/projectTab.svg' with '/icons/general/projectTab.svg' 
2019-05-20 07:38:28,244 [  23034]   INFO - tellij.openapi.util.IconLoader - replace '/toolwindows/toolWindowProject.png' with '/icons/toolwindows/toolWindowProject.png' 
2019-05-20 07:38:28,244 [  23034]   INFO - tellij.openapi.util.IconLoader - replace '/toolwindows/toolWindowStructure.svg' with '/icons/toolwindows/toolWindowStructure.svg' 
2019-05-20 07:38:28,244 [  23034]   INFO - tellij.openapi.util.IconLoader - replace '/toolwindows/toolWindowFavorites.svg' with '/icons/toolwindows/toolWindowFavorites.svg' 
2019-05-20 07:38:28,259 [  23049]   INFO - tellij.openapi.util.IconLoader - replace '/toolwindows/toolWindowTodo.svg' with '/icons/toolwindows/toolWindowTodo.svg' 
2019-05-20 07:38:28,259 [  23049]   INFO - tellij.openapi.util.IconLoader - replace '/icons/toolwindowDatabaseChanges.svg' with '/icons/plugins/datagrip/toolwindowDatabaseChanges.svg' 
2019-05-20 07:38:28,259 [  23049]   INFO - tellij.openapi.util.IconLoader - replace '/icons/OpenTerminal_13x13.svg' with '/icons/terminal/OpenTerminal_13x13.svg' 
2019-05-20 07:38:28,275 [  23065]   INFO - tellij.openapi.util.IconLoader - replace '/toolwindows/toolWindowChanges.svg' with '/icons/toolwindows/toolWindowChanges.svg' 
2019-05-20 07:38:28,275 [  23065]   INFO - tellij.openapi.util.IconLoader - replace '/images/webServerToolWindow.svg' with '/icons/webDeployment/webServerToolWindow.svg' 
2019-05-20 07:38:28,291 [  23081]   INFO - tellij.openapi.util.IconLoader - replace '/icons/toolWindowDatabase.svg' with '/icons/plugins/datagrip/toolWindowDatabase.svg' 
2019-05-20 07:38:28,291 [  23081]   INFO - cloudConfig.CloudConfigManager - === Reload components: [EditorColorsManagerImpl, LafManager, GeneralSettings, UISettings] === 
2019-05-20 07:38:28,291 [  23081]   INFO - cloudConfig.CloudConfigManager - === End.connect === 
2019-05-20 07:38:28,291 [  23081]   INFO - tellij.openapi.util.IconLoader - replace '/process/step_5.svg' with '/icons/process/step_5.svg' 
2019-05-20 07:38:28,306 [  23096]   INFO - tellij.openapi.util.IconLoader - replace '/ide/link.svg' with '/icons/ide/link.svg' 
2019-05-20 07:38:28,306 [  23096]   INFO - tellij.openapi.util.IconLoader - replace '/actions/compile.svg' with '/icons/actions/compile.svg' 
2019-05-20 07:38:28,322 [  23112]   INFO - tellij.openapi.util.IconLoader - replace '/runConfigurations/application.svg' with '/icons/plugins/rider/runConfigurations/application.svg' 
2019-05-20 07:38:28,322 [  23112]   INFO - tellij.openapi.util.IconLoader - replace '/general/arrowDown.svg' with '/icons/general/arrowDown.svg' 
2019-05-20 07:38:28,340 [  23130]   INFO - tellij.openapi.util.IconLoader - replace '/actions/execute.svg' with '/icons/actions/execute.svg' 
2019-05-20 07:38:28,345 [  23135]   INFO - tellij.openapi.util.IconLoader - replace '/actions/startDebugger.svg' with '/icons/actions/startDebugger.svg' 
2019-05-20 07:38:28,352 [  23142]   INFO - tellij.openapi.util.IconLoader - replace '/actions/startMemoryProfile.svg' with '/icons/actions/startMemoryProfile.svg' 
2019-05-20 07:38:28,358 [  23148]   INFO - tellij.openapi.util.IconLoader - replace '/actions/suspend.svg' with '/icons/actions/suspend.svg' 
2019-05-20 07:38:28,365 [  23155]   INFO - tellij.openapi.util.IconLoader - replace '/actions/checkOut.svg' with '/icons/actions/checkOut.svg' 
2019-05-20 07:38:28,371 [  23161]   INFO - tellij.openapi.util.IconLoader - replace '/actions/commit.svg' with '/icons/actions/commit.svg' 
2019-05-20 07:38:28,371 [  23161]   INFO - tellij.openapi.util.IconLoader - replace '/vcs/history.svg' with '/icons/vcs/history.svg' 
2019-05-20 07:38:28,371 [  23161]   INFO - tellij.openapi.util.IconLoader - replace '/actions/rollback.svg' with '/icons/actions/rollback.svg' 
2019-05-20 07:38:28,387 [  23177]   INFO - tellij.openapi.util.IconLoader - replace '/actions/run_anything.svg' with '/icons/actions/run_anything.svg' 
2019-05-20 07:38:28,387 [  23177]   INFO - tellij.openapi.util.IconLoader - replace '/actions/find.svg' with '/icons/actions/find.svg' 
2019-05-20 07:38:28,402 [  23192]   INFO - tellij.openapi.util.IconLoader - replace '/nodes/folder.svg' with '/icons/nodes/folder.svg' 
2019-05-20 07:38:28,402 [  23192]   INFO - tellij.openapi.util.IconLoader - replace '/ide/statusbar_arrows.svg' with '/icons/ide/statusbar_arrows.svg' 
2019-05-20 07:38:28,402 [  23192]   INFO - tellij.openapi.util.IconLoader - replace '/ide/readwrite.svg' with '/icons/ide/readwrite.svg' 
2019-05-20 07:38:28,418 [  23208]   INFO - tellij.openapi.util.IconLoader - replace '/general/tbHidden.svg' with '/icons/general/tbHidden.svg' 
2019-05-20 07:38:28,418 [  23208]   INFO - tellij.openapi.util.IconLoader - replace '/general/moreTabs.svg' with '/icons/general/moreTabs.svg' 
2019-05-20 07:38:28,434 [  23224]   INFO - tellij.openapi.util.IconLoader - replace '/general/locate.svg' with '/icons/general/locate.svg' 
2019-05-20 07:38:28,434 [  23224]   INFO - tellij.openapi.util.IconLoader - replace '/actions/collapseall.svg' with '/icons/actions/collapseall.svg' 
2019-05-20 07:38:28,434 [  23224]   INFO - tellij.openapi.util.IconLoader - replace '/general/gearPlain.svg' with '/icons/general/gearPlain.svg' 
2019-05-20 07:38:28,434 [  23224]   INFO - tellij.openapi.util.IconLoader - replace '/general/hideToolWindow.svg' with '/icons/general/hideToolWindow.svg' 
2019-05-20 07:38:28,449 [  23239]   INFO - tellij.openapi.util.IconLoader - replace '/general/projectTab.svg' with '/icons/general/projectTab.svg' 
2019-05-20 07:38:28,496 [  23286]   INFO - tellij.openapi.util.IconLoader - replace '/modules/excludeRoot.svg' with '/icons/modules/excludeRoot.svg' 
2019-05-20 07:38:28,527 [  23317]   INFO - tellij.openapi.util.IconLoader - replace '/modules/sourceRootFileLayer.svg' with '/icons/modules/sourceRootFileLayer.svg' 
2019-05-20 07:38:28,543 [  23333]   INFO - tellij.openapi.util.IconLoader - replace '/nodes/ppLib.svg' with '/icons/nodes/ppLib.svg' 
2019-05-20 07:38:28,543 [  23333]   INFO - tellij.openapi.util.IconLoader - replace '/scope/scratches.svg' with '/icons/scope/scratches.svg' 
2019-05-20 07:38:28,590 [  23380]   INFO - tellij.openapi.util.IconLoader - replace '/actions/close.svg' with '/icons/actions/close.svg' 
2019-05-20 07:38:28,621 [  23411]   INFO - tellij.openapi.util.IconLoader - replace '/fileTypes/unknown.svg' with '/icons/fileTypes/unknown.svg' 
2019-05-20 07:38:28,637 [  23427]   INFO - tellij.openapi.util.IconLoader - replace '/fileTypes/text.svg' with '/icons/fileTypes/text.svg' 
2019-05-20 07:38:28,652 [  23442]   INFO - tellij.openapi.util.IconLoader - replace '/fileTypes/config.svg' with '/icons/fileTypes/config.svg' 
2019-05-20 07:38:28,668 [  23458]   INFO - tellij.openapi.util.IconLoader - replace '/icons/FileType_cpp.svg' with '/icons/plugins/appcode/FileType_cpp.svg' 
2019-05-20 07:38:28,727 [  23517]   INFO - tellij.openapi.util.IconLoader - replace '/general/arrowDown.svg' with '/icons/general/arrowDown.svg' 
2019-05-20 07:38:28,743 [  23533]   INFO - tellij.openapi.util.IconLoader - replace '/toolwindows/toolWindowProject.svg' with '/icons/toolwindows/toolWindowProject.svg' 
2019-05-20 07:38:28,743 [  23533]   INFO - tellij.openapi.util.IconLoader - replace '/actions/menu-open.svg' with '/icons/actions/menu-open.svg' 
2019-05-20 07:38:28,758 [  23548]   INFO - tellij.openapi.util.IconLoader - replace '/actions/menu-saveall.svg' with '/icons/actions/menu-saveall.svg' 
2019-05-20 07:38:28,774 [  23564]   INFO - tellij.openapi.util.IconLoader - replace '/actions/refresh.svg' with '/icons/actions/refresh.svg' 
2019-05-20 07:38:28,774 [  23564]   INFO - tellij.openapi.util.IconLoader - replace '/actions/back.svg' with '/icons/actions/back.svg' 
2019-05-20 07:38:28,774 [  23564]   INFO - tellij.openapi.util.IconLoader - replace '/actions/forward.svg' with '/icons/actions/forward.svg' 
2019-05-20 07:38:28,790 [  23580]   INFO - tellij.openapi.util.IconLoader - replace '/actions/execute.svg' with '/icons/actions/execute.svg' 
2019-05-20 07:38:28,790 [  23580]   INFO - tellij.openapi.util.IconLoader - replace '/actions/startDebugger.svg' with '/icons/actions/startDebugger.svg' 
2019-05-20 07:38:28,790 [  23580]   INFO - tellij.openapi.util.IconLoader - replace '/actions/startMemoryProfile.svg' with '/icons/actions/startMemoryProfile.svg' 
2019-05-20 07:38:28,790 [  23580]   INFO - tellij.openapi.util.IconLoader - replace '/actions/profile.svg' with '/icons/actions/profile.svg' 
2019-05-20 07:38:28,805 [  23595]   INFO - tellij.openapi.util.IconLoader - replace '/general/settings.svg' with '/icons/general/settings.svg' 
2019-05-20 07:38:28,805 [  23595]   INFO - tellij.openapi.util.IconLoader - replace '/actions/profileMemory.svg' with '/icons/actions/profileMemory.svg' 
2019-05-20 07:38:28,934 [  23724]   INFO - tellij.openapi.util.IconLoader - replace '/actions/suspend.svg' with '/icons/actions/suspend.svg' 
2019-05-20 07:38:28,934 [  23724]   INFO - tellij.openapi.util.IconLoader - replace '/vcs/history.svg' with '/icons/vcs/history.svg' 
2019-05-20 07:38:28,934 [  23724]   INFO - tellij.openapi.util.IconLoader - replace '/actions/back.svg' with '/icons/actions/back.svg' 
2019-05-20 07:38:28,934 [  23724]   INFO - tellij.openapi.util.IconLoader - replace '/actions/forward.svg' with '/icons/actions/forward.svg' 
2019-05-20 07:38:28,934 [  23724]   INFO - tellij.openapi.util.IconLoader - replace '/actions/profile.svg' with '/icons/actions/profile.svg' 
2019-05-20 07:38:29,231 [  24021]   INFO - tellij.openapi.util.IconLoader - replace '/process/step_4.svg' with '/icons/process/step_4.svg' 
2019-05-20 07:38:29,531 [  24321]   INFO - tellij.openapi.util.IconLoader - replace '/process/step_6.svg' with '/icons/process/step_6.svg' 
2019-05-20 07:38:29,672 [  24462]   INFO - tellij.openapi.util.IconLoader - replace '/process/step_7.svg' with '/icons/process/step_7.svg' 
2019-05-20 07:38:29,813 [  24603]   INFO - tellij.openapi.util.IconLoader - replace '/process/step_1.svg' with '/icons/process/step_1.svg' 
2019-05-20 07:38:29,950 [  24740]   INFO - tellij.openapi.util.IconLoader - replace '/process/step_2.svg' with '/icons/process/step_2.svg' 
2019-05-20 07:38:30,095 [  24885]   INFO - tellij.openapi.util.IconLoader - replace '/process/step_3.svg' with '/icons/process/step_3.svg' 
2019-05-20 07:38:30,251 [  25041]   INFO - .diagnostic.PerformanceWatcher - Indexable file iteration took 6929ms; general responsiveness: ok; EDT responsiveness: 1/7 sluggish, 2/7 very slow 
2019-05-20 07:38:30,319 [  25109]   INFO -       #com.jetbrains.cidr.lang - Clearing symbols finished in 52 ms 
2019-05-20 07:38:30,350 [  25140]   INFO -       #com.jetbrains.cidr.lang - Building symbols in FAST mode, 1 source files from total 300 project files 
2019-05-20 07:38:30,815 [  25605]   INFO - tellij.openapi.util.IconLoader - replace '/process/step_8.svg' with '/icons/process/step_8.svg' 
2019-05-20 07:38:31,660 [  26450]   INFO -       #com.jetbrains.cidr.lang - Loading symbols finished in 1 s 341 ms 
2019-05-20 07:38:31,676 [  26466]   INFO -       #com.jetbrains.cidr.lang - Loading Header Maps finished in 16 ms 
2019-05-20 07:38:31,721 [  26511]   INFO -       #com.jetbrains.cidr.lang - Loading Module Maps finished in 45 ms 
2019-05-20 07:38:31,721 [  26511]   INFO -       #com.jetbrains.cidr.lang - Loaded 0 module maps in 0 packs for 0 search roots 
2019-05-20 07:38:31,721 [  26511]   INFO -       #com.jetbrains.cidr.lang - Saved 0 module maps in 0 packs 
2019-05-20 07:38:31,721 [  26511]   INFO -       #com.jetbrains.cidr.lang - Saving Module Maps finished in 0 ms 
2019-05-20 07:38:31,721 [  26511]   INFO -       #com.jetbrains.cidr.lang - Loaded 1294 tables for 612 files (612 project files) 
2019-05-20 07:38:31,721 [  26511]   INFO -       #com.jetbrains.cidr.lang - Building symbols for 0 source files 
2019-05-20 07:38:31,753 [  26543]   INFO -       #com.jetbrains.cidr.lang - Building symbols for 0 unused headers 
2019-05-20 07:38:31,753 [  26543]   INFO -       #com.jetbrains.cidr.lang - Building symbols finished in 32 ms 
2019-05-20 07:38:31,753 [  26543]   INFO -       #com.jetbrains.cidr.lang - Saving modified symbols for 0 files (0 tables of total 1294) 
2019-05-20 07:38:31,815 [  26605]   INFO -       #com.jetbrains.cidr.lang - Saving symbols finished in 62 ms 
2019-05-20 07:38:31,925 [  26715]   INFO - j.ide.ui.OptionsTopHitProvider - 79 ms spent to cache options in project 
2019-05-20 07:38:31,971 [  26761]   INFO - cloudConfig.CloudConfigManager - === StatusBar.start another widget: com.intellij.cloudConfig.StatusBarInfoManager$InfoComponent@214a4e9 === 
2019-05-20 07:38:32,166 [  26956]   INFO - tartup.impl.StartupManagerImpl - Some post-startup activities freeze UI for noticeable time. Please consider making them DumbAware to do them in background under modal progress, or just making them faster to speed up project opening. 
2019-05-20 07:38:32,166 [  26956]   INFO - tartup.impl.StartupManagerImpl - MyStartupActivity run in 163ms on UI thread 
2019-05-20 07:38:32,354 [  27144]   INFO - j.ide.plugins.RepositoryHelper - using cached plugin list (updated at 5/20/2019 7:38 AM) 
2019-05-20 07:38:32,447 [  27237]   INFO - tellij.openapi.util.IconLoader - replace '/general/openDisk.svg' with '/icons/general/openDisk.svg' 
2019-05-20 07:38:32,479 [  27269]   INFO - j.ide.ui.OptionsTopHitProvider - 219 ms spent on EDT to cache options in project 
2019-05-20 07:38:32,604 [  27394]   INFO - tellij.openapi.util.IconLoader - replace '/actions/pause.svg' with '/icons/actions/pause.svg' 
2019-05-20 07:38:32,620 [  27410]   INFO - tellij.openapi.util.IconLoader - replace '/process/stopSmall.svg' with '/icons/process/stopSmall.svg' 
2019-05-20 07:38:32,620 [  27410]   INFO - tellij.openapi.util.IconLoader - replace '/process/stopSmallHovered.svg' with '/icons/process/stopSmallHovered.svg' 
2019-05-20 07:38:33,532 [  28322]   INFO - tellij.openapi.util.IconLoader - replace '/icons/CodeAssistantFunction.svg' with '/icons/plugins/clion/glyphs/CodeAssistantFunction.svg' 
2019-05-20 07:38:33,594 [  28384]   INFO - tellij.openapi.util.IconLoader - replace '/general/inspectionsEye.svg' with '/icons/general/inspectionsEye.svg' 
2019-05-20 07:38:33,625 [  28415]   INFO - tellij.openapi.util.IconLoader - replace '/general/inspectionsPause.svg' with '/icons/general/inspectionsPause.svg' 
2019-05-20 07:38:34,532 [  29322]   INFO - tellij.openapi.util.IconLoader - replace '/runConfigurations/testState/run.svg' with '/icons/runConfigurations/testState/run.svg' 
2019-05-20 07:38:34,657 [  29447]   INFO - tellij.openapi.util.IconLoader - replace '/icons/typescript/TypeScript_Compiler.svg' with '/icons/plugins/javascript/typescript/TypeScript_Compiler.svg' 
2019-05-20 07:38:34,673 [  29463]   INFO - tellij.openapi.util.IconLoader - replace '/ide/errorPoint.svg' with '/icons/ide/errorPoint.svg' 
2019-05-20 07:38:34,989 [  29779]   INFO - tellij.openapi.util.IconLoader - replace '/process/stop.svg' with '/icons/process/stop.svg' 
2019-05-20 07:38:34,989 [  29779]   INFO - tellij.openapi.util.IconLoader - replace '/process/stopHovered.svg' with '/icons/process/stopHovered.svg' 
2019-05-20 07:39:29,223 [  84013]   INFO - tellij.openapi.util.IconLoader - replace '/icons/ide/nextStep.svg' with '/icons/icons/ide/nextStep.svg' 
2019-05-20 07:39:29,223 [  84013]   INFO - tellij.openapi.util.IconLoader - replace '/icons/ide/nextStepInverted.svg' with '/icons/icons/ide/nextStepInverted.svg' 
2019-05-20 07:39:29,223 [  84013]   INFO - tellij.openapi.util.IconLoader - replace '/icons/ide/speedSearchPrompt.png' with '/icons/icons/ide/speedSearchPrompt.png' 
2019-05-20 07:39:29,223 [  84013]   INFO - tellij.openapi.util.IconLoader - replace '/icons/ide/nextStep.svg' with '/icons/icons/ide/nextStep.svg' 
2019-05-20 07:41:52,280 [ 227070]   INFO - rationStore.ComponentStoreImpl - Saving appDiffSettings took 16 ms, TemplateSettings took 16 ms 
2019-05-20 07:41:52,311 [ 227101]   INFO - cloudConfig.CloudConfigManager - === Start.Edit: [colors.scheme.xml] |false| === 
2019-05-20 07:41:52,341 [ 227131]   INFO - cloudConfig.CloudConfigManager - === Start.Edit: [ide.general.xml] |true| === 
2019-05-20 07:41:52,528 [ 227318]   INFO - mponents.impl.stores.StoreUtil - saveProjectsAndApp took 326 ms 
2019-05-20 07:41:53,334 [ 228124]   INFO - cloudConfig.CloudConfigManager - === doConnect === 
2019-05-20 07:41:53,334 [ 228124]   INFO - cloudConfig.CloudConfigManager - === getConnectionState === 
2019-05-20 07:41:56,297 [ 231087]   INFO - j.ide.plugins.RepositoryHelper - using cached plugin list (updated at 5/20/2019 7:38 AM) 
2019-05-20 07:41:56,330 [ 231120]   INFO - cloudConfig.CloudConfigManager - === End.Update: [C:\Users\Administrator\.CLion2019.1\config\jba_config\colors.scheme.xml, C:\Users\Administrator\.CLion2019.1\config\jba_config\ide.general.xml] === 
2019-05-20 07:42:54,515 [ 289305]   INFO - tellij.openapi.util.IconLoader - replace '/general/print.svg' with '/icons/general/print.svg' 
2019-05-20 07:42:56,265 [ 291055]   INFO - tellij.openapi.util.IconLoader - replace '/general/projectConfigurable.svg' with '/icons/general/projectConfigurable.svg' 
2019-05-20 07:42:56,288 [ 291078]   INFO - tellij.openapi.util.IconLoader - replace '/process/big/step_1.svg' with '/icons/process/big/step_1.svg' 
2019-05-20 07:42:56,291 [ 291081]   INFO - tellij.openapi.util.IconLoader - replace '/process/big/step_2.svg' with '/icons/process/big/step_2.svg' 
2019-05-20 07:42:56,295 [ 291085]   INFO - tellij.openapi.util.IconLoader - replace '/process/big/step_3.svg' with '/icons/process/big/step_3.svg' 
2019-05-20 07:42:56,298 [ 291088]   INFO - tellij.openapi.util.IconLoader - replace '/process/big/step_4.svg' with '/icons/process/big/step_4.svg' 
2019-05-20 07:42:56,302 [ 291092]   INFO - tellij.openapi.util.IconLoader - replace '/process/big/step_5.svg' with '/icons/process/big/step_5.svg' 
2019-05-20 07:42:56,305 [ 291095]   INFO - tellij.openapi.util.IconLoader - replace '/process/big/step_6.svg' with '/icons/process/big/step_6.svg' 
2019-05-20 07:42:56,309 [ 291099]   INFO - tellij.openapi.util.IconLoader - replace '/process/big/step_7.svg' with '/icons/process/big/step_7.svg' 
2019-05-20 07:42:56,313 [ 291103]   INFO - tellij.openapi.util.IconLoader - replace '/process/big/step_8.svg' with '/icons/process/big/step_8.svg' 
2019-05-20 07:42:56,316 [ 291106]   INFO - tellij.openapi.util.IconLoader - replace '/process/big/step_passive.svg' with '/icons/process/big/step_passive.svg' 
2019-05-20 07:42:56,379 [ 291169]   INFO - tellij.openapi.util.IconLoader - replace '/actions/help.svg' with '/icons/actions/help.svg' 
2019-05-20 07:42:56,727 [ 291517]   INFO - j.ide.plugins.RepositoryHelper - using cached plugin list (updated at 5/20/2019 7:38 AM) 
2019-05-20 07:43:03,430 [ 298220]   INFO - tellij.openapi.util.IconLoader - replace '/general/dropdown.svg' with '/icons/general/dropdown.svg' 
2019-05-20 07:43:14,730 [ 309520]   INFO - com.intellij.ide.ui.UISettings - Loaded: fontSize=12, fontScale=1.0; restored: fontSize=12, fontScale=1.0 
2019-05-20 07:43:14,756 [ 309546]   INFO - tellij.openapi.util.IconLoader - replace '/general/balloonWarning.svg' with '/icons/general/balloonWarning.svg' 
2019-05-20 07:43:14,799 [ 309589]   INFO - tellij.openapi.util.IconLoader - replace '/general/inspectionsTypos.svg' with '/icons/general/inspectionsTypos.svg' 
2019-05-20 07:43:23,588 [ 318378]   INFO - cloudConfig.CloudConfigManager - === Start.Edit: [colors/_@user_Material Oceanic.icls] |false| === 
2019-05-20 07:43:23,603 [ 318393]   INFO - cloudConfig.CloudConfigManager - === Start.Edit: [colors/_@user_Monokai Pro.icls] |true| === 
2019-05-20 07:43:23,606 [ 318396]   INFO - cloudConfig.CloudConfigManager - === Start.Edit: [colors/WarmNeon.xml] |true| === 
2019-05-20 07:43:23,609 [ 318399]   INFO - cloudConfig.CloudConfigManager - === Start.Edit: [colors/twilight.xml] |true| === 
2019-05-20 07:43:23,612 [ 318402]   INFO - cloudConfig.CloudConfigManager - === Start.Edit: [colors/Dawn.xml] |true| === 
2019-05-20 07:43:23,615 [ 318405]   INFO - cloudConfig.CloudConfigManager - === Start.Edit: [colors/blackboard.xml] |true| === 
2019-05-20 07:43:23,619 [ 318409]   INFO - cloudConfig.CloudConfigManager - === Start.Edit: [colors/cobalt.xml] |true| === 
2019-05-20 07:43:23,621 [ 318411]   INFO - cloudConfig.CloudConfigManager - === Start.Edit: [colors/vibrant_ink.xml] |true| === 
2019-05-20 07:43:23,624 [ 318414]   INFO - cloudConfig.CloudConfigManager - === Start.Edit: [colors/rails_casts.xml] |true| === 
2019-05-20 07:43:23,627 [ 318417]   INFO - cloudConfig.CloudConfigManager - === Start.Edit: [colors/highContrastScheme.xml] |true| === 
2019-05-20 07:43:23,638 [ 318428]   INFO - cloudConfig.CloudConfigManager - === Start.Edit: [colors/all_hallows_eve.xml] |true| === 
2019-05-20 07:43:23,641 [ 318431]   INFO - cloudConfig.CloudConfigManager - === Start.Edit: [colors/github.xml] |true| === 
2019-05-20 07:43:23,644 [ 318434]   INFO - cloudConfig.CloudConfigManager - === Start.Edit: [colors/Espresso.xml] |true| === 
2019-05-20 07:43:23,646 [ 318436]   INFO - cloudConfig.CloudConfigManager - === Start.Edit: [colors/monokai.xml] |true| === 
2019-05-20 07:43:23,649 [ 318439]   INFO - cloudConfig.CloudConfigManager - === Start.Edit: [colors/Xcode.xml] |true| === 
2019-05-20 07:43:23,699 [ 318489]   INFO - cloudConfig.CloudConfigManager - === Start.Edit: [colors.scheme.xml] |true| === 
2019-05-20 07:43:23,774 [ 318564]   INFO - rationStore.ComponentStoreImpl - Saving Project 'C:\myprojects\algorithms\QuickSort' QuickSortXDebuggerManager took 15 ms 
2019-05-20 07:43:23,802 [ 318592]   INFO - mponents.impl.stores.StoreUtil - saveProjectsAndApp took 245 ms 
2019-05-20 07:43:24,593 [ 319383]   INFO - cloudConfig.CloudConfigManager - === doConnect === 
2019-05-20 07:43:24,593 [ 319383]   INFO - cloudConfig.CloudConfigManager - === getConnectionState === 
2019-05-20 07:43:25,819 [ 320609]   INFO - mponents.impl.stores.StoreUtil - saveProjectsAndApp took 77 ms 
2019-05-20 07:43:26,165 [ 320955]   INFO - cloudConfig.CloudConfigManager - === End.Update: [C:\Users\Administrator\.CLion2019.1\config\jba_config\colors\_@user_Material Oceanic.icls, C:\Users\Administrator\.CLion2019.1\config\jba_config\colors\_@user_Monokai Pro.icls, C:\Users\Administrator\.CLion2019.1\config\jba_config\colors\WarmNeon.xml, C:\Users\Administrator\.CLion2019.1\config\jba_config\colors\twilight.xml, C:\Users\Administrator\.CLion2019.1\config\jba_config\colors\Dawn.xml, C:\Users\Administrator\.CLion2019.1\config\jba_config\colors\blackboard.xml, C:\Users\Administrator\.CLion2019.1\config\jba_config\colors\cobalt.xml, C:\Users\Administrator\.CLion2019.1\config\jba_config\colors\vibrant_ink.xml, C:\Users\Administrator\.CLion2019.1\config\jba_config\colors\rails_casts.xml, C:\Users\Administrator\.CLion2019.1\config\jba_config\colors\highContrastScheme.xml, C:\Users\Administrator\.CLion2019.1\config\jba_config\colors\all_hallows_eve.xml, C:\Users\Administrator\.CLion2019.1\config\jba_config\colors\github.xml, C:\Users\Administrator\.CLion2019.1\config\jba_config\colors\Espresso.xml, C:\Users\Administrator\.CLion2019.1\config\jba_config\colors\monokai.xml, C:\Users\Administrator\.CLion2019.1\config\jba_config\colors\Xcode.xml, C:\Users\Administrator\.CLion2019.1\config\jba_config\colors.scheme.xml] === 
2019-05-20 07:43:29,302 [ 324092]   INFO - j.ide.plugins.RepositoryHelper - using cached plugin list (updated at 5/20/2019 7:38 AM) 
2019-05-20 07:45:17,312 [ 432102]   INFO - mponents.impl.stores.StoreUtil - saveProjectsAndApp took 47 ms 
2019-05-20 07:49:08,277 [ 663067]   INFO - mponents.impl.stores.StoreUtil - saveProjectsAndApp took 67 ms 
2019-05-20 07:49:16,348 [ 671138]   INFO - tellij.openapi.util.IconLoader - replace '/actions/closeHovered.svg' with '/icons/actions/closeHovered.svg' 
2019-05-20 07:49:44,146 [ 698936]   INFO - mponents.impl.stores.StoreUtil - saveProjectsAndApp took 42 ms 
2019-05-20 07:49:49,747 [ 704537]   INFO - mponents.impl.stores.StoreUtil - saveProjectsAndApp took 40 ms 
2019-05-20 08:12:10,515 [2045305]   INFO - tellij.openapi.util.IconLoader - replace '/general/questionDialog.svg' with '/icons/general/questionDialog.svg' 
2019-05-20 08:12:13,394 [2048184]   INFO - stubs.SerializationManagerImpl - START StubSerializationManager SHUTDOWN 
2019-05-20 08:12:13,394 [2048184]   INFO - stubs.SerializationManagerImpl - END StubSerializationManager SHUTDOWN 
2019-05-20 08:12:13,394 [2048184]   INFO - il.indexing.FileBasedIndexImpl - START INDEX SHUTDOWN 
2019-05-20 08:12:13,414 [2048204]   INFO - il.indexing.FileBasedIndexImpl - END INDEX SHUTDOWN 
2019-05-20 08:12:13,441 [2048231]   INFO - org.jetbrains.io.BuiltInServer - web server stopped 
2019-05-20 08:12:13,443 [2048233]   INFO - Types.impl.FileTypeManagerImpl - FileTypeManager: 235 auto-detected files
Elapsed time on auto-detect: 2269 ms 
2019-05-20 08:12:13,445 [2048235]   INFO - pl.local.NativeFileWatcherImpl - Watcher terminated with exit code 0 
2019-05-20 08:12:13,445 [2048235]   INFO - pi.util.registry.RegistryValue - Registry value 'ide.balloon.shadow.size' has changed to '15' 
2019-05-20 08:12:13,446 [2048236]   INFO - newvfs.persistent.PersistentFS - VFS dispose started 
2019-05-20 08:12:13,473 [2048263]   INFO - newvfs.persistent.PersistentFS - VFS dispose completed 
2019-05-20 08:12:13,475 [2048265]   INFO -        #com.intellij.idea.Main - ------------------------------------------------------ IDE SHUTDOWN ------------------------------------------------------ 
2019-05-20 08:12:13,476 [2048266]   INFO - org.jetbrains.io.BuiltInServer - web server stopped 
